<?xml version="1.0" encoding="UTF-8"?>
<!-- Generated by org.testng.reporters.JUnitXMLReporter -->
<testsuite ignored="0" hostname="DESKTOP-H4I3TSP" failures="0" tests="5" name="Default test" time="0.064" errors="0" timestamp="2024-11-10T07:37:06 IST">
  <testcase classname="class52_ddt.ParallelMethodDemo2" name="test1" time="0.006"/>
  <testcase classname="class52_ddt.ParallelMethodDemo2" name="test2" time="0.002"/>
  <testcase classname="class52_ddt.ParallelMethodDemo2" name="test3" time="0.002"/>
  <testcase classname="class52_ddt.ParallelMethodDemo2" name="test4" time="0.002"/>
  <testcase classname="class52_ddt.ParallelMethodDemo2" name="test5" time="0.002"/>
</testsuite> <!-- Default test -->
