<?xml version="1.0" encoding="UTF-8"?>
<!-- Generated by org.testng.reporters.JUnitXMLReporter -->
<testsuite ignored="0" hostname="Mukeshs-MacBook-Air.local" failures="0" tests="15" name="Test" time="0.037" errors="0" timestamp="2024-10-22T08:42:55 IST">
  <testcase classname="class52_ddt.ParallelMethodDemo" name="test1" time="0.003"/>
  <testcase classname="class52_ddt.ParallelMethodDemo2" name="test1" time="0.003"/>
  <testcase classname="class52_ddt.ParallelMethodDemo" name="test2" time="0.001"/>
  <testcase classname="class52_ddt.ParallelMethodDemo2" name="test2" time="0.001"/>
  <testcase classname="class52_ddt.ParallelMethodDemo" name="test3" time="0.001"/>
  <testcase classname="class52_ddt.ParallelMethodDemo2" name="test3" time="0.0"/>
  <testcase classname="class52_ddt.ParallelMethodDemo" name="test4" time="0.0"/>
  <testcase classname="class52_ddt.ParallelMethodDemo2" name="test4" time="0.001"/>
  <testcase classname="class52_ddt.ParallelMethodDemo" name="test5" time="0.001"/>
  <testcase classname="class52_ddt.ParallelMethodDemo2" name="test5" time="0.0"/>
  <testcase classname="class52_ddt.ParallelMethodDemo3" name="test1" time="0.001"/>
  <testcase classname="class52_ddt.ParallelMethodDemo3" name="test2" time="0.0"/>
  <testcase classname="class52_ddt.ParallelMethodDemo3" name="test3" time="0.0"/>
  <testcase classname="class52_ddt.ParallelMethodDemo3" name="test4" time="0.001"/>
  <testcase classname="class52_ddt.ParallelMethodDemo3" name="test5" time="0.001"/>
</testsuite> <!-- Test -->
