<?xml version="1.0" encoding="UTF-8"?>
<!-- Generated by org.testng.reporters.JUnitXMLReporter -->
<testsuite ignored="0" hostname="Mukeshs-MacBook-Air.local" failures="0" tests="8" name="E2E" time="27.045" errors="0" timestamp="2024-10-18T08:15:54 IST">
  <testcase classname="class49_assertion.TestNGWithSelenium" name="loginToApp" time="5.673"/>
  <testcase classname="class49_assertion.TestNGWithSelenium" name="verifyTitle" time="0.044"/>
  <testcase classname="class49_assertion.TestNGWithSelenium" name="verifyURL" time="0.041"/>
  <testcase classname="class49_assertion.AssertionInTestNG" name="test1" time="0.001"/>
  <testcase classname="class49_assertion.AssertionInTestNG" name="test2" time="0.0"/>
  <testcase classname="class49_assertion.AssertionInTestNG" name="test3" time="0.001"/>
  <testcase classname="class49_assertion.AssertionInTestNG" name="test4" time="0.0"/>
  <testcase classname="class49_assertion.AssertionInTestNG" name="test5" time="0.0"/>
</testsuite> <!-- E2E -->
