<?xml version="1.0" encoding="UTF-8"?>
<!-- Generated by org.testng.reporters.JUnitXMLReporter -->
<testsuite ignored="0" hostname="Mukeshs-MacBook-Air.local" failures="0" tests="8" name="Regression" time="0.036" errors="0" timestamp="2024-10-18T08:15:27 IST">
  <testcase classname="class49_assertion.SoftAssertionDemo" name="test1" time="0.003"/>
  <testcase classname="class48_getting_started.TestngExample2" name="loginToApplication" time="0.0"/>
  <testcase classname="class48_getting_started.TestngExample2" name="makePayment" time="0.001"/>
  <testcase classname="class48_getting_started.TestngExample2" name="collectReceipt" time="0.0"/>
  <testcase classname="class48_getting_started.TestngExample2" name="logoutFromApplication" time="0.0"/>
  <testcase classname="class49_assertion.Dependency" name="login" time="0.0"/>
  <testcase classname="class49_assertion.Dependency" name="logoutFromApplication" time="0.001"/>
  <testcase classname="class49_assertion.Dependency" name="closeApp" time="0.004"/>
</testsuite> <!-- Regression -->
