<?xml version="1.0" encoding="UTF-8"?>
<!-- Generated by org.testng.reporters.JUnitXMLReporter -->
<testsuite ignored="0" hostname="Mukeshs-MacBook-Air.local" failures="0" tests="4" name="Smoke" time="0.061" errors="0" timestamp="2024-10-18T08:15:27 IST">
  <testcase classname="class48_getting_started.FirstTestNG" name="test1" time="0.007"/>
  <testcase classname="class48_getting_started.FirstTestNG" name="test2" time="0.002"/>
  <testcase classname="class48_getting_started.FirstTestNG" name="test3" time="0.0"/>
  <testcase classname="class50_xmlfiles_annotation.TestNGInvocationCount" name="test1" time="0.0"/>
</testsuite> <!-- Smoke -->
