<?xml version="1.0" encoding="UTF-8"?>
<testng-results ignored="0" total="5" passed="5" failed="0" skipped="0">
  <reporter-output>
  </reporter-output>
  <suite started-at="2024-11-10T07:37:06 IST" name="Default suite" finished-at="2024-11-10T07:37:06 IST" duration-ms="64">
    <groups>
    </groups>
    <test started-at="2024-11-10T07:37:06 IST" name="Default test" finished-at="2024-11-10T07:37:06 IST" duration-ms="64">
      <class name="class52_ddt.ParallelMethodDemo2">
        <test-method signature="test1()[pri:0, instance:class52_ddt.ParallelMethodDemo2@7d8995e]" started-at="2024-11-10T07:37:06 IST" name="test1" finished-at="2024-11-10T07:37:06 IST" duration-ms="6" status="PASS">
          <reporter-output>
          </reporter-output>
        </test-method> <!-- test1 -->
        <test-method signature="test2()[pri:0, instance:class52_ddt.ParallelMethodDemo2@7d8995e]" started-at="2024-11-10T07:37:06 IST" name="test2" finished-at="2024-11-10T07:37:06 IST" duration-ms="2" status="PASS">
          <reporter-output>
          </reporter-output>
        </test-method> <!-- test2 -->
        <test-method signature="test3()[pri:0, instance:class52_ddt.ParallelMethodDemo2@7d8995e]" started-at="2024-11-10T07:37:06 IST" name="test3" finished-at="2024-11-10T07:37:06 IST" duration-ms="2" status="PASS">
          <reporter-output>
          </reporter-output>
        </test-method> <!-- test3 -->
        <test-method signature="test4()[pri:0, instance:class52_ddt.ParallelMethodDemo2@7d8995e]" started-at="2024-11-10T07:37:06 IST" name="test4" finished-at="2024-11-10T07:37:06 IST" duration-ms="2" status="PASS">
          <reporter-output>
          </reporter-output>
        </test-method> <!-- test4 -->
        <test-method signature="test5()[pri:0, instance:class52_ddt.ParallelMethodDemo2@7d8995e]" started-at="2024-11-10T07:37:06 IST" name="test5" finished-at="2024-11-10T07:37:06 IST" duration-ms="2" status="PASS">
          <reporter-output>
          </reporter-output>
        </test-method> <!-- test5 -->
      </class> <!-- class52_ddt.ParallelMethodDemo2 -->
    </test> <!-- Default test -->
  </suite> <!-- Default suite -->
</testng-results>
